#
# A fatal error has been detected by the Java Runtime Environment:
#
#  SIGSEGV (0xb) at pc=0x00007f8d7990b0ad, pid=14592, tid=14610
#
# JRE version: OpenJDK Runtime Environment (11.0.6+10) (build 11.0.6+10-post-Ubuntu-1ubuntu119.10.1)
# Java VM: OpenJDK 64-Bit Server VM (11.0.6+10-post-Ubuntu-1ubuntu119.10.1, mixed mode, sharing, tiered, compressed oops, g1 gc, linux-amd64)
# Problematic frame:
# C  [libjimage.so+0x30ad]
#
# Core dump will be written. Default location: Core dumps may be processed with "/usr/share/apport/apport %p %s %c %d %P" (or dumping to /home/edvaljunior/Downloads/wiki-master/autoestudo/project-starter/spring-project/core.14592)
#
# If you would like to submit a bug report, please visit:
#   https://bugs.launchpad.net/ubuntu/+source/openjdk-lts
#

---------------  S U M M A R Y ------------

Command Line: -agentlib:jdwp=transport=dt_socket,suspend=y,address=localhost:41743 -javaagent:/home/edvaljunior/eclipse/jee-2019-12/eclipse/configuration/org.eclipse.osgi/405/0/.cp/lib/javaagent-shaded.jar -Dfile.encoding=UTF-8 quixada.npi.springproject.SpringProjectApplication

Host: Intel(R) Core(TM) i5-7200U CPU @ 2.50GHz, 4 cores, 3G, Ubuntu 19.10
Time: Mon Mar  9 21:46:41 2020 -03 elapsed time: 75 seconds (0d 0h 1m 15s)

---------------  T H R E A D  ---------------

Current thread (0x00007f8d7412e000):  JavaThread "Signal Dispatcher" daemon [_thread_in_vm, id=14610, stack(0x00007f8d5c00f000,0x00007f8d5c110000)]

Stack: [0x00007f8d5c00f000,0x00007f8d5c110000],  sp=0x00007f8d5c10d160,  free space=1016k
Native frames: (J=compiled Java code, A=aot compiled Java code, j=interpreted, Vv=VM code, C=native code)
C  [libjimage.so+0x30ad]
C  [libjimage.so+0x3da2]
C  [libjimage.so+0x42b1]